0	1	mikroCPIC1618.exe -MSF -DBG -pP16F877A -DL -O11111114 -fo8 -N"E:\Embedded Systems Projects\FingerPrintProject\FingerPrintSensorProject.mcppi" -SP"C:\Users\Public\Documents\Mikroelektronika\mikroC PRO for PIC\defs\" -SP"C:\Users\Public\Documents\Mikroelektronika\mikroC PRO for PIC\Uses\P16\" -SP"E:\Embedded Systems Projects\FingerPrintProject\" -IP"E:\Embedded Systems Projects\FingerPrintProject\" "FingerPrintSensorProject.c" "UART.C" "__Lib_Math.mcl" "__Lib_MathDouble.mcl" "__Lib_System.mcl" "__Lib_Delays.mcl" "__Lib_LcdConsts.mcl" "__Lib_Lcd.mcl"	 
hint: 0	1139	Available RAM: 352 [bytes], Available ROM: 8192 [bytes]	 
hint: 43	1354	 warning: The macro is redefined     #define OERR 2     from E:/Embedded Systems Projects/FingerPrintProject/FingerPrintSensorProject.c: 1:    #include "UART.h"     previously macro "OERR" defined as: #define OERR  1 	e:\embedded systems projects\fingerprintproject\uart.h
hint: 44	1354	 warning: The macro is redefined     #define OERR 3     from E:/Embedded Systems Projects/FingerPrintProject/FingerPrintSensorProject.c: 1:    #include "UART.h"     previously macro "OERR" defined as: #define OERR  2 	e:\embedded systems projects\fingerprintproject\uart.h
hint: 43	1354	 warning: The macro is redefined     #define OERR 2     from E:/Embedded Systems Projects/FingerPrintProject/UART.C: 8:    #include "UART.h"     previously macro "OERR" defined as: #define OERR  1 	e:\embedded systems projects\fingerprintproject\uart.h
hint: 44	1354	 warning: The macro is redefined     #define OERR 3     from E:/Embedded Systems Projects/FingerPrintProject/UART.C: 8:    #include "UART.h"     previously macro "OERR" defined as: #define OERR  2 	e:\embedded systems projects\fingerprintproject\uart.h
diagnostics: 0	126	All files Preprocessed in 328 ms	 
hint: 43	1354	 warning: The macro is redefined     #define OERR 2     from E:/Embedded Systems Projects/FingerPrintProject/FingerPrintSensorProject.c: 1:    #include "UART.h"     previously macro "OERR" defined as: #define OERR  1 	e:\embedded systems projects\fingerprintproject\uart.h
hint: 44	1354	 warning: The macro is redefined     #define OERR 3     from E:/Embedded Systems Projects/FingerPrintProject/FingerPrintSensorProject.c: 1:    #include "UART.h"     previously macro "OERR" defined as: #define OERR  2 	e:\embedded systems projects\fingerprintproject\uart.h
diagnostics: 0	122	Compilation Started	type.h
hint: 79	1354	enumeration value is out of int range	uart.h
hint: 80	1354	enumeration value is out of int range	uart.h
hint: 81	1354	enumeration value is out of int range	uart.h
hint: 82	1354	enumeration value is out of int range	uart.h
hint: 83	1354	enumeration value is out of int range	uart.h
hint: 84	1354	enumeration value is out of int range	uart.h
hint: 85	1354	enumeration value is out of int range	uart.h
hint: 86	1354	enumeration value is out of int range	uart.h
hint: 87	1354	enumeration value is out of int range	uart.h
hint: 88	1354	enumeration value is out of int range	uart.h
diagnostics: 57	123	Compiled Successfully	FingerPrintSensorProject.c
hint: 43	1354	 warning: The macro is redefined     #define OERR 2     from E:/Embedded Systems Projects/FingerPrintProject/UART.C: 8:    #include "UART.h"     previously macro "OERR" defined as: #define OERR  1 	e:\embedded systems projects\fingerprintproject\uart.h
hint: 44	1354	 warning: The macro is redefined     #define OERR 3     from E:/Embedded Systems Projects/FingerPrintProject/UART.C: 8:    #include "UART.h"     previously macro "OERR" defined as: #define OERR  2 	e:\embedded systems projects\fingerprintproject\uart.h
diagnostics: 0	122	Compilation Started	string.h
hint: 79	1354	enumeration value is out of int range	uart.h
hint: 80	1354	enumeration value is out of int range	uart.h
hint: 81	1354	enumeration value is out of int range	uart.h
hint: 82	1354	enumeration value is out of int range	uart.h
hint: 83	1354	enumeration value is out of int range	uart.h
hint: 84	1354	enumeration value is out of int range	uart.h
hint: 85	1354	enumeration value is out of int range	uart.h
hint: 86	1354	enumeration value is out of int range	uart.h
hint: 87	1354	enumeration value is out of int range	uart.h
hint: 88	1354	enumeration value is out of int range	uart.h
diagnostics: 90	123	Compiled Successfully	UART.C
hint: 23	1164	Variable 'BR_Reg_Value' has been eliminated by optimizer	UART.C
diagnostics: 0	127	All files Compiled in 328 ms	 
hint: 0	1144	Used RAM (bytes): 15 (4%)  Free RAM (bytes): 337 (96%)	Used RAM (bytes): 15 (4%)  Free RAM (bytes): 337 (96%)
hint: 0	1144	Used ROM (program words): 1005 (12%)  Free ROM (program words): 7187 (88%)	Used ROM (program words): 1005 (12%)  Free ROM (program words): 7187 (88%)
diagnostics: 0	125	Project Linked Successfully	FingerPrintSensorProject.mcppi
diagnostics: 0	128	Linked in 94 ms	 
diagnostics: 0	129	Project 'FingerPrintSensorProject.mcppi' completed: 781 ms	 
diagnostics: 0	103	Finished successfully: 31 Mar 2018, 03:52:36	FingerPrintSensorProject.mcppi
